<?xml version="1.0" encoding="UTF-8"?>
<testsuite name="com.company.birthdayprob.logic.LogicUnitTests" tests="2" skipped="0" failures="0" errors="0" timestamp="2024-03-04T22:35:19" hostname="arch" time="57.903">
  <properties/>
  <testcase name="testResultRange" classname="com.company.birthdayprob.logic.LogicUnitTests" time="57.731"/>
  <testcase name="testCalculateThreshold" classname="com.company.birthdayprob.logic.LogicUnitTests" time="0.172"/>
  <system-out><![CDATA[]]></system-out>
  <system-err><![CDATA[]]></system-err>
</testsuite>
